{
  "stats": {
    "suites": 1,
    "tests": 4,
    "passes": 3,
    "pending": 0,
    "failures": 1,
    "start": "2025-06-28T08:28:02.054Z",
    "end": "2025-06-28T08:28:32.789Z",
    "duration": 30735,
    "testsRegistered": 4,
    "passPercent": 75,
    "pendingPercent": 0,
    "other": 0,
    "hasOther": false,
    "skipped": 0,
    "hasSkipped": false
  },
  "results": [
    {
      "uuid": "9cb2ac84-79c7-473f-adbb-b0aa9b1e804b",
      "title": "",
      "fullFile": "cypress\\e2e\\Login.cy.js",
      "file": "cypress\\e2e\\Login.cy.js",
      "beforeHooks": [],
      "afterHooks": [],
      "tests": [],
      "suites": [
        {
          "uuid": "f8692528-d3cb-4b79-a6b4-f4a83ca481d6",
          "title": "Verify the login functionality",
          "fullFile": "",
          "file": "",
          "beforeHooks": [],
          "afterHooks": [],
          "tests": [
            {
              "title": "TC_01-After successful login, it should redirects user to the program list page",
              "fullTitle": "Verify the login functionality TC_01-After successful login, it should redirects user to the program list page",
              "timedOut": null,
              "duration": 13443,
              "state": "failed",
              "speed": null,
              "pass": false,
              "fail": true,
              "pending": false,
              "context": null,
              "code": "cy.get('[formcontrolname=\"username\"]').type('admin');\ncy.get('[formcontrolname=\"password\"]').type('Admin@Simplify');\ncy.get('[class=\"col-12 ps-1\"]').click();\n// Verify the pop-up message after login\ncy.on('window:alert', alertText => {\n  // Assert that the alert text contains 'login successful'\n  expect(alertText).to.include('User logged in successfully!').should('be.visible');\n  return false;\n});\ncy.wait(6000);\ncy.url().should('include', '/control-panel/programs/list');",
              "err": {
                "message": "AssertionError: Timed out retrying after 4000ms: expected 'https://qa-account.simplifysandbox.net/' to include '/control-panel/programs/list'",
                "estack": "AssertionError: Timed out retrying after 4000ms: expected 'https://qa-account.simplifysandbox.net/' to include '/control-panel/programs/list'\n    at Context.eval (webpack://vms-simplify/./cypress/e2e/Login.cy.js:22:13)",
                "diff": null
              },
              "uuid": "14914d46-af53-422a-bf19-748241efacc9",
              "parentUUID": "f8692528-d3cb-4b79-a6b4-f4a83ca481d6",
              "isHook": false,
              "skipped": false
            },
            {
              "title": "TC_02-Verify for valid username & invalid password",
              "fullTitle": "Verify the login functionality TC_02-Verify for valid username & invalid password",
              "timedOut": null,
              "duration": 2939,
              "state": "passed",
              "speed": "fast",
              "pass": true,
              "fail": false,
              "pending": false,
              "context": null,
              "code": "// Enter blank username and password\ncy.get('[formcontrolname=\"username\"]').type('admin');\ncy.get('[formcontrolname=\"password\"]').type('admin@123');\ncy.get('[class=\"col-12 ps-1\"]').click();\n// assertion to check the error message\ncy.on('window:alert', alertText => {\n  // Assert that the alert text contains 'login successful'\n  expect(alertText).to.include('Unable to login. Invalid credentials. Please try again.').should('be.visible');\n  return false;\n});",
              "err": {},
              "uuid": "9355bb16-3de0-4961-b39c-bd20f6473ff9",
              "parentUUID": "f8692528-d3cb-4b79-a6b4-f4a83ca481d6",
              "isHook": false,
              "skipped": false
            },
            {
              "title": "TC_03-Verify for Invalid username & valid password",
              "fullTitle": "Verify the login functionality TC_03-Verify for Invalid username & valid password",
              "timedOut": null,
              "duration": 3052,
              "state": "passed",
              "speed": "fast",
              "pass": true,
              "fail": false,
              "pending": false,
              "context": null,
              "code": "// Enter blank username and password\ncy.get('[formcontrolname=\"username\"]').type('admin123');\ncy.get('[formcontrolname=\"password\"]').type('Admin@Simplify');\ncy.get('[class=\"col-12 ps-1\"]').click();\n// assertion to check the error message\ncy.on('window:alert', alertText => {\n  // Assert that the alert text contains 'login successful'\n  expect(alertText).to.include('Unable to login. Invalid credentials. Please try again.').should('be.visible');\n  return false;\n});",
              "err": {},
              "uuid": "5240e804-2c2f-4c6b-81b0-af8b1e836fe7",
              "parentUUID": "f8692528-d3cb-4b79-a6b4-f4a83ca481d6",
              "isHook": false,
              "skipped": false
            },
            {
              "title": "TC_04-Login button should be disable when both fields are blank",
              "fullTitle": "Verify the login functionality TC_04-Login button should be disable when both fields are blank",
              "timedOut": null,
              "duration": 7098,
              "state": "passed",
              "speed": "medium",
              "pass": true,
              "fail": false,
              "pending": false,
              "context": null,
              "code": "// Enter blank username and password\ncy.get('[class=\"btn_skyblue w-100 align-items-center\"]').should('be.disabled'); // Assert that the button is disabled",
              "err": {},
              "uuid": "3a4582bc-65d0-4936-b190-68dda88d1272",
              "parentUUID": "f8692528-d3cb-4b79-a6b4-f4a83ca481d6",
              "isHook": false,
              "skipped": false
            }
          ],
          "suites": [],
          "passes": [
            "9355bb16-3de0-4961-b39c-bd20f6473ff9",
            "5240e804-2c2f-4c6b-81b0-af8b1e836fe7",
            "3a4582bc-65d0-4936-b190-68dda88d1272"
          ],
          "failures": [
            "14914d46-af53-422a-bf19-748241efacc9"
          ],
          "pending": [],
          "skipped": [],
          "duration": 26532,
          "root": false,
          "rootEmpty": false,
          "_timeout": 2000
        }
      ],
      "passes": [],
      "failures": [],
      "pending": [],
      "skipped": [],
      "duration": 0,
      "root": true,
      "rootEmpty": true,
      "_timeout": 2000
    }
  ],
  "meta": {
    "mocha": {
      "version": "7.0.1"
    },
    "mochawesome": {
      "options": {
        "quiet": false,
        "reportFilename": "mochawesome",
        "saveHtml": false,
        "saveJson": true,
        "consoleReporter": "spec",
        "useInlineDiffs": false,
        "code": true
      },
      "version": "7.1.3"
    },
    "marge": {
      "options": {
        "reportDir": "cypress/reports",
        "overwrite": false,
        "html": false,
        "json": true
      },
      "version": "6.2.0"
    }
  }
}