{
  "stats": {
    "suites": 1,
    "tests": 1,
    "passes": 0,
    "pending": 0,
    "failures": 1,
    "start": "2025-07-12T04:41:25.622Z",
    "end": "2025-07-12T04:41:39.033Z",
    "duration": 13411,
    "testsRegistered": 1,
    "passPercent": 0,
    "pendingPercent": 0,
    "other": 0,
    "hasOther": false,
    "skipped": 0,
    "hasSkipped": false
  },
  "results": [
    {
      "uuid": "1fd3b528-fbb1-470e-ba4a-2978e7a2aba5",
      "title": "",
      "fullFile": "cypress\\e2e\\Sourcing\\CreateCandidate.cy.js",
      "file": "cypress\\e2e\\Sourcing\\CreateCandidate.cy.js",
      "beforeHooks": [],
      "afterHooks": [],
      "tests": [],
      "suites": [
        {
          "uuid": "20844fa4-68b3-4c6f-b6c8-ab5de2394b54",
          "title": "Verify the login functionality",
          "fullFile": "",
          "file": "",
          "beforeHooks": [],
          "afterHooks": [],
          "tests": [
            {
              "title": "TC_01-After successful login, it should redirects user to the program list page",
              "fullTitle": "Verify the login functionality TC_01-After successful login, it should redirects user to the program list page",
              "timedOut": null,
              "duration": 13359,
              "state": "failed",
              "speed": null,
              "pass": false,
              "fail": true,
              "pending": false,
              "context": null,
              "code": "cy.get('[formcontrolname=\"username\"]').type('akshay.khatode+4@simplifyvms.com');\ncy.get('[formcontrolname=\"password\"]').type('Akshay@1234');\ncy.get('[class=\"col-12 ps-1\"]').click().wait(5000);\ncy.origin('https://qa-hiring.simplifysandbox.net/dashboard', () => {\n  // create candidate\n  cy.get('[class=\"btn_text\"]').click().wait(2000);\n  const workerTypeSelector = '[class=\"ng-value ng-star-inserted\"]'; // Replace with your actual selector\n  // Check if field is already filled\n  cy.get(workerTypeSelector).then($el => {\n    const value = $el.text().trim();\n    if (value === '' || value === 'Select' || value === '--') {\n      cy.log('Worker Type not auto-filled. Selecting manually...');\n      // Click and select value\n      cy.get(workerTypeSelector).click();\n      // Wait for dropdown options and select the required one\n      cy.get('.dropdown-menu') // Replace with your actual dropdown container class\n      .contains('SOW Worker') // Or any fallback/default value\n      .click();\n      // Optional: Assert selection was successful\n      cy.get(workerTypeSelector).should('contain.text', 'SOW Worker');\n    } else {\n      cy.log('Worker Type is already auto-filled:', value);\n    }\n  });\n});",
              "err": {
                "message": "CypressError: `cy.origin()` failed to create a spec bridge to communicate with the specified origin. This can happen when you attempt to create a spec bridge to an insecure (http) frame from a secure (https) frame.\n\nCheck your Developer Tools Console for the actual error - it should be printed there.\n\nhttps://on.cypress.io/origin",
                "estack": "CypressError: `cy.origin()` failed to create a spec bridge to communicate with the specified origin. This can happen when you attempt to create a spec bridge to an insecure (http) frame from a secure (https) frame.\n\nCheck your Developer Tools Console for the actual error - it should be printed there.\n\nhttps://on.cypress.io/origin\n    at cypressErr (https://qa-account.simplifysandbox.net/__cypress/runner/cypress_runner.js:76198:18)\n    at Object.errByPath (https://qa-account.simplifysandbox.net/__cypress/runner/cypress_runner.js:76252:10)\n    at <unknown> (https://qa-account.simplifysandbox.net/__cypress/runner/cypress_runner.js:121721:80)\nFrom Your Spec Code:\n    at Context.eval (webpack://vms-simplify/./cypress/e2e/Sourcing/CreateCandidate.cy.js:17:7)",
                "diff": null
              },
              "uuid": "ff24e747-f8f1-4c04-8c2f-2fa58f53d6bc",
              "parentUUID": "20844fa4-68b3-4c6f-b6c8-ab5de2394b54",
              "isHook": false,
              "skipped": false
            }
          ],
          "suites": [],
          "passes": [],
          "failures": [
            "ff24e747-f8f1-4c04-8c2f-2fa58f53d6bc"
          ],
          "pending": [],
          "skipped": [],
          "duration": 13359,
          "root": false,
          "rootEmpty": false,
          "_timeout": 2000
        }
      ],
      "passes": [],
      "failures": [],
      "pending": [],
      "skipped": [],
      "duration": 0,
      "root": true,
      "rootEmpty": true,
      "_timeout": 2000
    }
  ],
  "meta": {
    "mocha": {
      "version": "7.0.1"
    },
    "mochawesome": {
      "options": {
        "quiet": false,
        "reportFilename": "mochawesome",
        "saveHtml": false,
        "saveJson": true,
        "consoleReporter": "spec",
        "useInlineDiffs": false,
        "code": true
      },
      "version": "7.1.3"
    },
    "marge": {
      "options": {
        "reportDir": "cypress/reports",
        "overwrite": false,
        "html": false,
        "json": true
      },
      "version": "6.2.0"
    }
  }
}