{
  "stats": {
    "suites": 1,
    "tests": 4,
    "passes": 4,
    "pending": 0,
    "failures": 0,
    "start": "2025-07-12T04:46:10.046Z",
    "end": "2025-07-12T04:47:06.534Z",
    "duration": 56488,
    "testsRegistered": 4,
    "passPercent": 100,
    "pendingPercent": 0,
    "other": 0,
    "hasOther": false,
    "skipped": 0,
    "hasSkipped": false
  },
  "results": [
    {
      "uuid": "c6dc8572-5497-4a86-837c-3e33f0f03ad1",
      "title": "",
      "fullFile": "cypress\\e2e\\Login.cy.js",
      "file": "cypress\\e2e\\Login.cy.js",
      "beforeHooks": [],
      "afterHooks": [],
      "tests": [],
      "suites": [
        {
          "uuid": "7fa29716-f699-4128-a2bd-a8d6820177c0",
          "title": "Verify the login functionality",
          "fullFile": "",
          "file": "",
          "beforeHooks": [],
          "afterHooks": [],
          "tests": [
            {
              "title": "TC_01-After successful login, it should redirects user to the program list page",
              "fullTitle": "Verify the login functionality TC_01-After successful login, it should redirects user to the program list page",
              "timedOut": null,
              "duration": 9590,
              "state": "passed",
              "speed": "medium",
              "pass": true,
              "fail": false,
              "pending": false,
              "context": null,
              "code": "cy.get('[formcontrolname=\"username\"]').type('admin');\ncy.get('[formcontrolname=\"password\"]').type('Admin@Simplify');\ncy.get('[class=\"col-12 ps-1\"]').click();\n// Verify the pop-up message after login\ncy.on('window:alert', alertText => {\n  // Assert that the alert text contains 'login successful'\n  expect(alertText).to.include('User logged in successfully!').should('be.visible');\n  return false;\n});\ncy.wait(6000);\ncy.url().should('include', '/control-panel/programs/list');",
              "err": {},
              "uuid": "1dc0980e-fe12-41f2-8400-6983e24b4bfa",
              "parentUUID": "7fa29716-f699-4128-a2bd-a8d6820177c0",
              "isHook": false,
              "skipped": false
            },
            {
              "title": "TC_02-Verify for valid username & invalid password",
              "fullTitle": "Verify the login functionality TC_02-Verify for valid username & invalid password",
              "timedOut": null,
              "duration": 17312,
              "state": "passed",
              "speed": "slow",
              "pass": true,
              "fail": false,
              "pending": false,
              "context": null,
              "code": "// Enter blank username and password\ncy.get('[formcontrolname=\"username\"]').type('admin');\ncy.get('[formcontrolname=\"password\"]').type('admin@123');\ncy.get('[class=\"col-12 ps-1\"]').click();\n// assertion to check the error message\ncy.on('window:alert', alertText => {\n  // Assert that the alert text contains 'login successful'\n  expect(alertText).to.include('Unable to login. Invalid credentials. Please try again.').should('be.visible');\n  return false;\n});",
              "err": {},
              "uuid": "771af3e2-3d55-4251-b331-ae19ba61303b",
              "parentUUID": "7fa29716-f699-4128-a2bd-a8d6820177c0",
              "isHook": false,
              "skipped": false
            },
            {
              "title": "TC_03-Verify for Invalid username & valid password",
              "fullTitle": "Verify the login functionality TC_03-Verify for Invalid username & valid password",
              "timedOut": null,
              "duration": 25397,
              "state": "passed",
              "speed": "slow",
              "pass": true,
              "fail": false,
              "pending": false,
              "context": null,
              "code": "// Enter blank username and password\ncy.get('[formcontrolname=\"username\"]').type('admin123');\ncy.get('[formcontrolname=\"password\"]').type('Admin@Simplify');\ncy.get('[class=\"col-12 ps-1\"]').click();\n// assertion to check the error message\ncy.on('window:alert', alertText => {\n  // Assert that the alert text contains 'login successful'\n  expect(alertText).to.include('Unable to login. Invalid credentials. Please try again.').should('be.visible');\n  return false;\n});",
              "err": {},
              "uuid": "f89f231a-b26e-4b83-9323-740977edf3bf",
              "parentUUID": "7fa29716-f699-4128-a2bd-a8d6820177c0",
              "isHook": false,
              "skipped": false
            },
            {
              "title": "TC_04-Login button should be disable when both fields are blank",
              "fullTitle": "Verify the login functionality TC_04-Login button should be disable when both fields are blank",
              "timedOut": null,
              "duration": 1119,
              "state": "passed",
              "speed": "fast",
              "pass": true,
              "fail": false,
              "pending": false,
              "context": null,
              "code": "// Enter blank username and password\ncy.get('[class=\"btn_skyblue w-100 align-items-center\"]').should('be.disabled'); // Assert that the button is disabled",
              "err": {},
              "uuid": "1744d0b2-b6ee-4c62-81f5-a9c68ed4beba",
              "parentUUID": "7fa29716-f699-4128-a2bd-a8d6820177c0",
              "isHook": false,
              "skipped": false
            }
          ],
          "suites": [],
          "passes": [
            "1dc0980e-fe12-41f2-8400-6983e24b4bfa",
            "771af3e2-3d55-4251-b331-ae19ba61303b",
            "f89f231a-b26e-4b83-9323-740977edf3bf",
            "1744d0b2-b6ee-4c62-81f5-a9c68ed4beba"
          ],
          "failures": [],
          "pending": [],
          "skipped": [],
          "duration": 53418,
          "root": false,
          "rootEmpty": false,
          "_timeout": 2000
        }
      ],
      "passes": [],
      "failures": [],
      "pending": [],
      "skipped": [],
      "duration": 0,
      "root": true,
      "rootEmpty": true,
      "_timeout": 2000
    }
  ],
  "meta": {
    "mocha": {
      "version": "7.0.1"
    },
    "mochawesome": {
      "options": {
        "quiet": false,
        "reportFilename": "mochawesome",
        "saveHtml": false,
        "saveJson": true,
        "consoleReporter": "spec",
        "useInlineDiffs": false,
        "code": true
      },
      "version": "7.1.3"
    },
    "marge": {
      "options": {
        "reportDir": "cypress\\reports\\.jsons",
        "overwrite": false,
        "html": false,
        "json": true
      },
      "version": "6.2.0"
    }
  }
}