{
  "stats": {
    "suites": 1,
    "tests": 4,
    "passes": 2,
    "pending": 0,
    "failures": 2,
    "start": "2025-07-12T04:47:08.932Z",
    "end": "2025-07-12T04:48:37.516Z",
    "duration": 88584,
    "testsRegistered": 4,
    "passPercent": 50,
    "pendingPercent": 0,
    "other": 0,
    "hasOther": false,
    "skipped": 0,
    "hasSkipped": false
  },
  "results": [
    {
      "uuid": "2bed346a-c6e8-40cf-8c51-ed8e62e2c7ed",
      "title": "",
      "fullFile": "cypress\\e2e\\UniqueClientVendorMSPProgramme.cy.js",
      "file": "cypress\\e2e\\UniqueClientVendorMSPProgramme.cy.js",
      "beforeHooks": [],
      "afterHooks": [],
      "tests": [],
      "suites": [
        {
          "uuid": "1f4fefdc-4417-4daf-9b7b-5ae01ae945d6",
          "title": "Vendor Management Front-End Automation",
          "fullFile": "",
          "file": "",
          "beforeHooks": [],
          "afterHooks": [],
          "tests": [
            {
              "title": "should create a unique Vendor via UI",
              "fullTitle": "Vendor Management Front-End Automation should create a unique Vendor via UI",
              "timedOut": null,
              "duration": 8841,
              "state": "failed",
              "speed": null,
              "pass": false,
              "fail": true,
              "pending": false,
              "context": null,
              "code": "cy.visit('/');\ncy.get('[formcontrolname=\"username\"]').type('admin');\ncy.get('[formcontrolname=\"password\"]').type('Admin@Simplify');\ncy.get('[class=\"col-12 ps-1\"]').click().wait(4000);\ncy.get('[class=\"cursor pl_10 fs_13\"]').contains('Vendors').click();\ncy.get('[class=\"d-none d-md-flex\"]').click();\ncy.get('[placeholder=\"Vendor Organization Name\"]').type(vendorName);\ncy.get('[class=\"col-auto mx-2\"]').click();\ncy.get('[class=\"col-auto mx-2\"]').click();",
              "err": {
                "message": "Error: The following error originated from your application code, not from Cypress.\n\n  > ResizeObserver loop completed with undelivered notifications.\n\nWhen Cypress detects uncaught errors originating from your application it will automatically fail the current test.\n\nThis behavior is configurable, and you can choose to turn this off by listening to the `uncaught:exception` event.\n\nhttps://on.cypress.io/uncaught-exception-from-application",
                "estack": "Error: The following error originated from your application code, not from Cypress.\n\n  > ResizeObserver loop completed with undelivered notifications.\n\nWhen Cypress detects uncaught errors originating from your application it will automatically fail the current test.\n\nThis behavior is configurable, and you can choose to turn this off by listening to the `uncaught:exception` event.\n\nhttps://on.cypress.io/uncaught-exception-from-application\n  at <unknown> (https://qa-account.simplifysandbox.net/control-panel/org/list/vendor:0:0)",
                "diff": null
              },
              "uuid": "14a30357-88f4-435b-ad77-d5637e909a6e",
              "parentUUID": "1f4fefdc-4417-4daf-9b7b-5ae01ae945d6",
              "isHook": false,
              "skipped": false
            },
            {
              "title": "should create a unique client via UI",
              "fullTitle": "Vendor Management Front-End Automation should create a unique client via UI",
              "timedOut": null,
              "duration": 12134,
              "state": "passed",
              "speed": "slow",
              "pass": true,
              "fail": false,
              "pending": false,
              "context": null,
              "code": "cy.visit('/');\ncy.get('[formcontrolname=\"username\"]').type('admin');\ncy.get('[formcontrolname=\"password\"]').type('Admin@Simplify');\ncy.get('[class=\"col-12 ps-1\"]').click().wait(4000);\ncy.get('[class=\"cursor pl_10 fs_13\"]').contains('Clients').click().wait(2000);\ncy.get('[class=\"d-none d-md-flex\"]').click();\ncy.get('[placeholder=\"Client Organization Name\"]').type(clientName);\ncy.get('[class=\"col-auto mx-2\"]').click();\ncy.get('[class=\"col-auto mx-2\"]').click();",
              "err": {},
              "uuid": "b9e4a5d5-bcff-458e-a176-187123dd22b8",
              "parentUUID": "1f4fefdc-4417-4daf-9b7b-5ae01ae945d6",
              "isHook": false,
              "skipped": false
            },
            {
              "title": "should create a unique MSP via UI",
              "fullTitle": "Vendor Management Front-End Automation should create a unique MSP via UI",
              "timedOut": null,
              "duration": 10451,
              "state": "passed",
              "speed": "slow",
              "pass": true,
              "fail": false,
              "pending": false,
              "context": null,
              "code": "cy.visit('/');\ncy.get('[formcontrolname=\"username\"]').type('admin');\ncy.get('[formcontrolname=\"password\"]').type('Admin@Simplify');\ncy.get('[class=\"col-12 ps-1\"]').click().wait(4000);\ncy.get('[class=\"cursor pl_10 fs_13\"]').contains('MSPs').click();\ncy.get('[class=\"d-none d-md-flex\"]').click();\ncy.get('[placeholder=\"MSP Organization Name\"]').type(mspName);\ncy.get('[class=\"col-auto mx-2\"]').click();\ncy.get('[class=\"col-auto mx-2\"]').click();",
              "err": {},
              "uuid": "c0a503f5-32cb-495e-812b-8afffb4993c7",
              "parentUUID": "1f4fefdc-4417-4daf-9b7b-5ae01ae945d6",
              "isHook": false,
              "skipped": false
            },
            {
              "title": "should create a unique Programme via UI",
              "fullTitle": "Vendor Management Front-End Automation should create a unique Programme via UI",
              "timedOut": null,
              "duration": 56886,
              "state": "failed",
              "speed": null,
              "pass": false,
              "fail": true,
              "pending": false,
              "context": null,
              "code": "cy.visit('/');\ncy.get('[formcontrolname=\"username\"]').type('admin');\ncy.get('[formcontrolname=\"password\"]').type('Admin@Simplify');\ncy.get('[class=\"col-12 ps-1\"]').click().wait(4000);\ncy.get('[class=\"cursor pl_10 fs_13\"]').contains('Programs').click();\ncy.get('[class=\"d-none d-md-flex\"]').click();\n// Select Client\ncy.get('[class=\"ng-input\"]').first().type(clientName).wait(3000).type('{downarrow}').type('{enter}');\n; //  \ncy.get('[class=\"ng-input\"]').last().click();\ncy.contains('MSP-MANAGED').click().wait(1000);\n// Select MSP\ncy.get('[class=\"ng-input\"]').last().type(mspName).wait(3000).type('{downarrow}').type('{enter}'); // \ncy.get('[id=\"inputName\"]').type(programName).wait(1000);\ncy.get('[id=\"inputNumber\"]').type('9i8u');\ncy.get('[id=\"icondisplay\"]').click();\ncy.get('[data-date=\"2025-3-16\"]').click();\ncy.get('[class=\"float-end\"]').click().wait(3000);\ncy.get('[type=\"button\"]').click();",
              "err": {
                "message": "CypressError: `cy.type()` failed because the page updated as a result of this command, but you tried to continue the command chain. The subject is no longer attached to the DOM, and Cypress cannot requery the page after commands such as `cy.type()`.\n\nCommon situations why this happens:\n  - Your JS framework re-rendered asynchronously\n  - Your app code reacted to an event firing and removed the element\n\nYou can typically solve this by breaking up a chain. For example, rewrite:\n\n> `cy.get('button').click().should('have.class', 'active')`\n\nto\n\n> `cy.get('button').as('btn').click()`\n> `cy.get('@btn').should('have.class', 'active')`\n\nhttps://on.cypress.io/element-has-detached-from-dom",
                "estack": "CypressError: `cy.type()` failed because the page updated as a result of this command, but you tried to continue the command chain. The subject is no longer attached to the DOM, and Cypress cannot requery the page after commands such as `cy.type()`.\n\nCommon situations why this happens:\n  - Your JS framework re-rendered asynchronously\n  - Your app code reacted to an event firing and removed the element\n\nYou can typically solve this by breaking up a chain. For example, rewrite:\n\n> `cy.get('button').click().should('have.class', 'active')`\n\nto\n\n> `cy.get('button').as('btn').click()`\n> `cy.get('@btn').should('have.class', 'active')`\n\nhttps://on.cypress.io/element-has-detached-from-dom\n    at isAttached (https://qa-account.simplifysandbox.net/__cypress/runner/cypress_runner.js:146779:58)\n    at validateType (https://qa-account.simplifysandbox.net/__cypress/runner/cypress_runner.js:146649:9)\n    at Object.isType (https://qa-account.simplifysandbox.net/__cypress/runner/cypress_runner.js:146684:7)\n    at $Cy.pushSubject (https://qa-account.simplifysandbox.net/__cypress/runner/cypress_runner.js:140352:22)\n    at wrapped (https://qa-account.simplifysandbox.net/__cypress/runner/cypress_runner.js:139909:19)\nFrom Your Spec Code:\n    at Object.proxyGetter [as get] (https://qa-account.simplifysandbox.net/__cypress/runner/cypress_runner.js:78960:22)\n    at exists (https://qa-account.simplifysandbox.net/__cypress/runner/cypress_runner.js:144765:26)\n    at elExists (https://qa-account.simplifysandbox.net/__cypress/runner/cypress_runner.js:144780:10)\n    at ensureExistence (https://qa-account.simplifysandbox.net/__cypress/runner/cypress_runner.js:144961:22)\n    at onFailFn (https://qa-account.simplifysandbox.net/__cypress/runner/cypress_runner.js:144990:53)",
                "diff": null
              },
              "uuid": "c5e1932b-dba9-4a72-8d84-9705bf4c6fd4",
              "parentUUID": "1f4fefdc-4417-4daf-9b7b-5ae01ae945d6",
              "isHook": false,
              "skipped": false
            }
          ],
          "suites": [],
          "passes": [
            "b9e4a5d5-bcff-458e-a176-187123dd22b8",
            "c0a503f5-32cb-495e-812b-8afffb4993c7"
          ],
          "failures": [
            "14a30357-88f4-435b-ad77-d5637e909a6e",
            "c5e1932b-dba9-4a72-8d84-9705bf4c6fd4"
          ],
          "pending": [],
          "skipped": [],
          "duration": 88312,
          "root": false,
          "rootEmpty": false,
          "_timeout": 2000
        }
      ],
      "passes": [],
      "failures": [],
      "pending": [],
      "skipped": [],
      "duration": 0,
      "root": true,
      "rootEmpty": true,
      "_timeout": 2000
    }
  ],
  "meta": {
    "mocha": {
      "version": "7.0.1"
    },
    "mochawesome": {
      "options": {
        "quiet": false,
        "reportFilename": "mochawesome",
        "saveHtml": false,
        "saveJson": true,
        "consoleReporter": "spec",
        "useInlineDiffs": false,
        "code": true
      },
      "version": "7.1.3"
    },
    "marge": {
      "options": {
        "reportDir": "cypress\\reports\\.jsons",
        "overwrite": false,
        "html": false,
        "json": true
      },
      "version": "6.2.0"
    }
  }
}